<?xml version="1.0" encoding="UTF-8"?>
<testsuite name="battleship.model.board.PositionTest" tests="6" skipped="0" failures="0" errors="0" timestamp="2022-06-23T21:06:46" hostname="navi" time="0.011">
  <properties/>
  <testcase name="Test Move Position OutOfBounds()" classname="battleship.model.board.PositionTest" time="0.002"/>
  <testcase name="Get position using index operators()" classname="battleship.model.board.PositionTest" time="0.004"/>
  <testcase name="Get position by index()" classname="battleship.model.board.PositionTest" time="0.0"/>
  <testcase name="Get position by Column and Row()" classname="battleship.model.board.PositionTest" time="0.001"/>
  <testcase name="Position from String()" classname="battleship.model.board.PositionTest" time="0.002"/>
  <testcase name="Test Move Position()" classname="battleship.model.board.PositionTest" time="0.001"/>
  <system-out><![CDATA[]]></system-out>
  <system-err><![CDATA[]]></system-err>
</testsuite>
